Flow report for DE0_Nano
Sun Apr 10 17:37:47 2016
Quartus II 64-Bit Version 15.0.0 Build 145 04/22/2015 SJ Full Version


---------------------
; Table of Contents ;
---------------------
  1. Legal Notice
  2. Flow Summary
  3. Flow Settings
  4. Flow Non-Default Global Settings
  5. Flow Elapsed Time
  6. Flow OS Summary
  7. Flow Log
  8. Flow Messages
  9. Flow Suppressed Messages



----------------
; Legal Notice ;
----------------
Copyright (C) 1991-2015 Altera Corporation. All rights reserved.
Your use of Altera Corporation's design tools, logic functions 
and other software and tools, and its AMPP partner logic 
functions, and any output files from any of the foregoing 
(including device programming or simulation files), and any 
associated documentation or information are expressly subject 
to the terms and conditions of the Altera Program License 
Subscription Agreement, the Altera Quartus II License Agreement,
the Altera MegaCore Function License Agreement, or other 
applicable license agreement, including, without limitation, 
that your use is for the sole purpose of programming logic 
devices manufactured by Altera and sold by Altera or its 
authorized distributors.  Please refer to the applicable 
agreement for further details.



+----------------------------------------------------------------------------------+
; Flow Summary                                                                     ;
+------------------------------------+---------------------------------------------+
; Flow Status                        ; Successful - Sun Apr 10 17:37:26 2016       ;
; Quartus II 64-Bit Version          ; 15.0.0 Build 145 04/22/2015 SJ Full Version ;
; Revision Name                      ; DE0_Nano                                    ;
; Top-level Entity Name              ; DE0_NANO                                    ;
; Family                             ; Cyclone IV E                                ;
; Device                             ; EP4CE22F17C6                                ;
; Timing Models                      ; Final                                       ;
; Total logic elements               ; 8,059 / 22,320 ( 36 % )                     ;
;     Total combinational functions  ; 6,422 / 22,320 ( 29 % )                     ;
;     Dedicated logic registers      ; 5,610 / 22,320 ( 25 % )                     ;
; Total registers                    ; 5679                                        ;
; Total pins                         ; 146 / 154 ( 95 % )                          ;
; Total virtual pins                 ; 0                                           ;
; Total memory bits                  ; 330,496 / 608,256 ( 54 % )                  ;
; Embedded Multiplier 9-bit elements ; 4 / 132 ( 3 % )                             ;
; Total PLLs                         ; 2 / 4 ( 50 % )                              ;
+------------------------------------+---------------------------------------------+


+-----------------------------------------+
; Flow Settings                           ;
+-------------------+---------------------+
; Option            ; Setting             ;
+-------------------+---------------------+
; Start date & time ; 04/10/2016 17:34:16 ;
; Main task         ; Compilation         ;
; Revision Name     ; DE0_Nano            ;
+-------------------+---------------------+


+--------------------------------------------------------------------------------------------------------------------------------------------------------------------+
; Flow Non-Default Global Settings                                                                                                                                   ;
+-------------------------------------+---------------------------------------------------------------------------+---------------+---------------+------------------+
; Assignment Name                     ; Value                                                                     ; Default Value ; Entity Name   ; Section Id       ;
+-------------------------------------+---------------------------------------------------------------------------+---------------+---------------+------------------+
; COMPILER_SIGNATURE_ID               ; 47098638144.146030245604268                                               ; --            ; --            ; --               ;
; ENABLE_SIGNALTAP                    ; On                                                                        ; --            ; --            ; --               ;
; IGNORE_PARTITIONS                   ; On                                                                        ; Off           ; --            ; --               ;
; MAX_CORE_JUNCTION_TEMP              ; 85                                                                        ; --            ; --            ; --               ;
; MIN_CORE_JUNCTION_TEMP              ; 0                                                                         ; --            ; --            ; --               ;
; MISC_FILE                           ; DE0_LT24_SOPC/synthesis/../DE0_LT24_SOPC.cmp                              ; --            ; --            ; --               ;
; MISC_FILE                           ; DE0_LT24_SOPC/synthesis/../../DE0_LT24_SOPC.qsys                          ; --            ; --            ; --               ;
; MISC_FILE                           ; ClockTest_inst.v                                                          ; --            ; --            ; --               ;
; MISC_FILE                           ; ClockTest_bb.v                                                            ; --            ; --            ; --               ;
; MISC_FILE                           ; ClockTest.ppf                                                             ; --            ; --            ; --               ;
; OUTPUT_IO_TIMING_FAR_END_VMEAS      ; Half Signal Swing                                                         ; --            ; --            ; --               ;
; OUTPUT_IO_TIMING_FAR_END_VMEAS      ; Half Signal Swing                                                         ; --            ; --            ; --               ;
; OUTPUT_IO_TIMING_NEAR_END_VMEAS     ; Half Vccio                                                                ; --            ; --            ; --               ;
; OUTPUT_IO_TIMING_NEAR_END_VMEAS     ; Half Vccio                                                                ; --            ; --            ; --               ;
; PARTITION_COLOR                     ; 16764057                                                                  ; --            ; DE0_NANO      ; Top              ;
; PARTITION_FITTER_PRESERVATION_LEVEL ; PLACEMENT_AND_ROUTING                                                     ; --            ; DE0_NANO      ; Top              ;
; PARTITION_NETLIST_TYPE              ; POST_FIT                                                                  ; --            ; DE0_NANO      ; Top              ;
; POWER_BOARD_THERMAL_MODEL           ; None (CONSERVATIVE)                                                       ; --            ; --            ; --               ;
; POWER_PRESET_COOLING_SOLUTION       ; 23 MM HEAT SINK WITH 200 LFPM AIRFLOW                                     ; --            ; --            ; --               ;
; SLD_FILE                            ; DE0_LT24_SOPC/synthesis/DE0_LT24_SOPC.regmap                              ; --            ; --            ; --               ;
; SLD_FILE                            ; DE0_LT24_SOPC/synthesis/DE0_LT24_SOPC.debuginfo                           ; --            ; --            ; --               ;
; SLD_FILE                            ; db/stp1_auto_stripped.stp                                                 ; --            ; --            ; --               ;
; SLD_INFO                            ; QSYS_NAME DE0_LT24_SOPC HAS_SOPCINFO 1 GENERATION_ID 1459874631           ; --            ; DE0_LT24_SOPC ; --               ;
; SLD_NODE_CREATOR_ID                 ; 110                                                                       ; --            ; --            ; auto_signaltap_0 ;
; SLD_NODE_ENTITY_NAME                ; sld_signaltap                                                             ; --            ; --            ; auto_signaltap_0 ;
; SLD_NODE_PARAMETER_ASSIGNMENT       ; SLD_RAM_BLOCK_TYPE=AUTO                                                   ; --            ; --            ; auto_signaltap_0 ;
; SLD_NODE_PARAMETER_ASSIGNMENT       ; SLD_NODE_INFO=805334528                                                   ; --            ; --            ; auto_signaltap_0 ;
; SLD_NODE_PARAMETER_ASSIGNMENT       ; SLD_POWER_UP_TRIGGER=0                                                    ; --            ; --            ; auto_signaltap_0 ;
; SLD_NODE_PARAMETER_ASSIGNMENT       ; SLD_STORAGE_QUALIFIER_INVERSION_MASK_LENGTH=0                             ; --            ; --            ; auto_signaltap_0 ;
; SLD_NODE_PARAMETER_ASSIGNMENT       ; SLD_ATTRIBUTE_MEM_MODE=OFF                                                ; --            ; --            ; auto_signaltap_0 ;
; SLD_NODE_PARAMETER_ASSIGNMENT       ; SLD_STATE_FLOW_USE_GENERATED=0                                            ; --            ; --            ; auto_signaltap_0 ;
; SLD_NODE_PARAMETER_ASSIGNMENT       ; SLD_STATE_BITS=11                                                         ; --            ; --            ; auto_signaltap_0 ;
; SLD_NODE_PARAMETER_ASSIGNMENT       ; SLD_BUFFER_FULL_STOP=1                                                    ; --            ; --            ; auto_signaltap_0 ;
; SLD_NODE_PARAMETER_ASSIGNMENT       ; SLD_CURRENT_RESOURCE_WIDTH=1                                              ; --            ; --            ; auto_signaltap_0 ;
; SLD_NODE_PARAMETER_ASSIGNMENT       ; SLD_INCREMENTAL_ROUTING=1                                                 ; --            ; --            ; auto_signaltap_0 ;
; SLD_NODE_PARAMETER_ASSIGNMENT       ; SLD_TRIGGER_LEVEL=1                                                       ; --            ; --            ; auto_signaltap_0 ;
; SLD_NODE_PARAMETER_ASSIGNMENT       ; SLD_TRIGGER_IN_ENABLED=0                                                  ; --            ; --            ; auto_signaltap_0 ;
; SLD_NODE_PARAMETER_ASSIGNMENT       ; SLD_TRIGGER_LEVEL_PIPELINE=1                                              ; --            ; --            ; auto_signaltap_0 ;
; SLD_NODE_PARAMETER_ASSIGNMENT       ; SLD_ENABLE_ADVANCED_TRIGGER=1                                             ; --            ; --            ; auto_signaltap_0 ;
; SLD_NODE_PARAMETER_ASSIGNMENT       ; SLD_DATA_BITS=60                                                          ; --            ; --            ; auto_signaltap_0 ;
; SLD_NODE_PARAMETER_ASSIGNMENT       ; SLD_TRIGGER_BITS=60                                                       ; --            ; --            ; auto_signaltap_0 ;
; SLD_NODE_PARAMETER_ASSIGNMENT       ; SLD_STORAGE_QUALIFIER_BITS=60                                             ; --            ; --            ; auto_signaltap_0 ;
; SLD_NODE_PARAMETER_ASSIGNMENT       ; SLD_ADVANCED_TRIGGER_ENTITY=sld_reserved_DE0_NANO_auto_signaltap_0_1_31b, ; --            ; --            ; auto_signaltap_0 ;
; SLD_NODE_PARAMETER_ASSIGNMENT       ; SLD_INVERSION_MASK=0000000000000000000000000                              ; --            ; --            ; auto_signaltap_0 ;
; SLD_NODE_PARAMETER_ASSIGNMENT       ; SLD_INVERSION_MASK_LENGTH=25                                              ; --            ; --            ; auto_signaltap_0 ;
; SLD_NODE_PARAMETER_ASSIGNMENT       ; SLD_SEGMENT_SIZE=2048                                                     ; --            ; --            ; auto_signaltap_0 ;
; SLD_NODE_PARAMETER_ASSIGNMENT       ; SLD_SAMPLE_DEPTH=2048                                                     ; --            ; --            ; auto_signaltap_0 ;
; SOPCINFO_FILE                       ; DE0_LT24_SOPC/synthesis/../../DE0_LT24_SOPC.sopcinfo                      ; --            ; --            ; --               ;
; SYNTHESIS_ONLY_QIP                  ; On                                                                        ; --            ; --            ; --               ;
; USE_SIGNALTAP_FILE                  ; stp1.stp                                                                  ; --            ; --            ; --               ;
+-------------------------------------+---------------------------------------------------------------------------+---------------+---------------+------------------+


+-------------------------------------------------------------------------------------------------------------------------------+
; Flow Elapsed Time                                                                                                             ;
+---------------------------+--------------+-------------------------+---------------------+------------------------------------+
; Module Name               ; Elapsed Time ; Average Processors Used ; Peak Virtual Memory ; Total CPU Time (on all processors) ;
+---------------------------+--------------+-------------------------+---------------------+------------------------------------+
; Analysis & Synthesis      ; 00:01:31     ; 1.0                     ; 1005 MB             ; 00:01:26                           ;
; Partition Merge           ; 00:00:05     ; 1.0                     ; 673 MB              ; 00:00:03                           ;
; Fitter                    ; 00:00:45     ; 1.5                     ; 1692 MB             ; 00:00:53                           ;
; Assembler                 ; 00:00:09     ; 1.0                     ; 654 MB              ; 00:00:03                           ;
; TimeQuest Timing Analyzer ; 00:00:17     ; 1.1                     ; 860 MB              ; 00:00:11                           ;
; Total                     ; 00:02:47     ; --                      ; --                  ; 00:02:36                           ;
+---------------------------+--------------+-------------------------+---------------------+------------------------------------+


+----------------------------------------------------------------------------------------+
; Flow OS Summary                                                                        ;
+---------------------------+------------------+-----------+------------+----------------+
; Module Name               ; Machine Hostname ; OS Name   ; OS Version ; Processor type ;
+---------------------------+------------------+-----------+------------+----------------+
; Analysis & Synthesis      ; FARADAY-08       ; Windows 7 ; 6.1        ; x86_64         ;
; Partition Merge           ; FARADAY-08       ; Windows 7 ; 6.1        ; x86_64         ;
; Fitter                    ; FARADAY-08       ; Windows 7 ; 6.1        ; x86_64         ;
; Assembler                 ; FARADAY-08       ; Windows 7 ; 6.1        ; x86_64         ;
; TimeQuest Timing Analyzer ; FARADAY-08       ; Windows 7 ; 6.1        ; x86_64         ;
+---------------------------+------------------+-----------+------------+----------------+


------------
; Flow Log ;
------------
quartus_map --read_settings_files=on --write_settings_files=off DE0_NANO -c DE0_Nano
quartus_cdb --read_settings_files=off --write_settings_files=off DE0_NANO -c DE0_Nano --merge=on
quartus_fit --read_settings_files=off --write_settings_files=off DE0_NANO -c DE0_Nano
quartus_asm --read_settings_files=off --write_settings_files=off DE0_NANO -c DE0_Nano
quartus_sta DE0_NANO -c DE0_Nano



